\BOOKMARK [0][-]{chapter*.1}{Preface}{}% 1
\BOOKMARK [-1][-]{part.1}{I\040The\040Basic\040Objects\040of\040Algebra}{}% 2
\BOOKMARK [0][-]{chapter.1}{Groups}{part.1}% 3
\BOOKMARK [1][-]{section.1.1}{Some\040Definitions}{chapter.1}% 4
\BOOKMARK [2][-]{subsection.1.1.1}{Kernel\040and\040Cokernel}{section.1.1}% 5
\BOOKMARK [2][-]{subsection.1.1.2}{Equalizer\040and\040Coequalizer}{section.1.1}% 6
\BOOKMARK [1][-]{section.1.2}{Semidirect\040Product}{chapter.1}% 7
\BOOKMARK [2][-]{subsection.1.2.1}{Characteristic\040Subgroup}{section.1.2}% 8
\BOOKMARK [1][-]{section.1.3}{Some\040Operations}{chapter.1}% 9
\BOOKMARK [2][-]{subsection.1.3.1}{Orbits,\040Stabilizers\040etc.}{section.1.3}% 10
\BOOKMARK [1][-]{section.1.4}{Explicit\040Determination\040of\040Groups}{chapter.1}% 11
\BOOKMARK [1][-]{section.1.5}{Abelian\040Groups}{chapter.1}% 12
\BOOKMARK [2][-]{subsection.1.5.1}{Abelian\040Category}{section.1.5}% 13
\BOOKMARK [2][-]{subsection.1.5.2}{Herbrand\040Quotient}{section.1.5}% 14
\BOOKMARK [2][-]{subsection.1.5.3}{Grothendieck\040Group}{section.1.5}% 15
\BOOKMARK [1][-]{section.1.6}{Inverse\040Limit\040and\040Completion}{chapter.1}% 16
\BOOKMARK [1][-]{section.1.7}{Appendix}{chapter.1}% 17
\BOOKMARK [2][-]{subsection.1.7.1}{Proof\040of\040Lemma\0401.1.2}{section.1.7}% 18
\BOOKMARK [0][-]{chapter.2}{Rings}{part.1}% 19
\BOOKMARK [0][-]{chapter.3}{Modules}{part.1}% 20
\BOOKMARK [1][-]{section.3.1}{Some\040Definitions}{chapter.3}% 21
\BOOKMARK [2][-]{subsection.3.1.1}{Modules}{section.3.1}% 22
\BOOKMARK [2][-]{subsection.3.1.2}{Algebras}{section.3.1}% 23
\BOOKMARK [1][-]{section.3.2}{Homomorphisms}{chapter.3}% 24
\BOOKMARK [2][-]{subsection.3.2.1}{Exactness}{section.3.2}% 25
\BOOKMARK [2][-]{subsection.3.2.2}{Representation}{section.3.2}% 26
\BOOKMARK [1][-]{section.3.3}{Category\040of\040Modules}{chapter.3}% 27
\BOOKMARK [1][-]{section.3.4}{Free\040Module}{chapter.3}% 28
\BOOKMARK [2][-]{subsection.3.4.1}{Vector\040Spaces}{section.3.4}% 29
\BOOKMARK [1][-]{section.3.5}{Duality}{chapter.3}% 30
\BOOKMARK [1][-]{section.3.6}{Modules\040over\040Principal\040Rings}{chapter.3}% 31
\BOOKMARK [2][-]{subsection.3.6.1}{Lattice}{section.3.6}% 32
\BOOKMARK [2][-]{subsection.3.6.2}{Seminorm}{section.3.6}% 33
\BOOKMARK [1][-]{section.3.7}{Localization}{chapter.3}% 34
\BOOKMARK [2][-]{subsection.3.7.1}{Local\040Properties}{section.3.7}% 35
\BOOKMARK [1][-]{section.3.8}{Projective\040Modules}{chapter.3}% 36
\BOOKMARK [2][-]{subsection.3.8.1}{Grothendieck\040Group}{section.3.8}% 37
\BOOKMARK [2][-]{subsection.3.8.2}{Euler-Poincaré Maps}{section.3.8}% 38
\BOOKMARK [2][-]{subsection.3.8.3}{Projective\040Modules\040over\040Dedekind\040Rings}{section.3.8}% 39
\BOOKMARK [1][-]{section.3.9}{Inverse\040Limits}{chapter.3}% 40
\BOOKMARK [2][-]{subsection.3.9.1}{Mittag-Leffler\040Condition}{section.3.9}% 41
\BOOKMARK [1][-]{section.3.10}{Direct\040Limit}{chapter.3}% 42
\BOOKMARK [1][-]{section.3.11}{Graded\040Algebras}{chapter.3}% 43
\BOOKMARK [1][-]{section.3.12}{Some\040Obvious\040Module\040Structure}{chapter.3}% 44
\BOOKMARK [0][-]{chapter.4}{Polynomials}{part.1}% 45
\BOOKMARK [1][-]{section.4.1}{Basic\040Properties\040for\040Polynomials\040in\040One\040Variable}{chapter.4}% 46
\BOOKMARK [-1][-]{part.2}{II\040Algebraic\040Equations}{}% 47
\BOOKMARK [0][-]{chapter.5}{Algebraic\040Extensions}{part.2}% 48
\BOOKMARK [1][-]{section.5.1}{Finite\040and\040Algebraic\040Extensions}{chapter.5}% 49
\BOOKMARK [0][-]{chapter.6}{Galois\040Theory}{part.2}% 50
\BOOKMARK [1][-]{section.6.1}{Galois\040Extensions}{chapter.6}% 51
\BOOKMARK [1][-]{section.6.2}{Examples\040and\040Applications}{chapter.6}% 52
\BOOKMARK [1][-]{section.6.3}{Norm\040and\040Trace}{chapter.6}% 53
\BOOKMARK [1][-]{section.6.4}{Cyclic\040Extensions}{chapter.6}% 54
\BOOKMARK [1][-]{section.6.5}{Solvable\040and\040Radical\040Extensions}{chapter.6}% 55
\BOOKMARK [1][-]{section.6.6}{Abelian\040Kummer\040Theory}{chapter.6}% 56
\BOOKMARK [1][-]{section.6.7}{The\040Equation\040Xn-a=0}{chapter.6}% 57
\BOOKMARK [-1][-]{part.3}{\040Appendix}{}% 58
\BOOKMARK [0][-]{Appendix.1.A}{Category\040Theory}{part.3}% 59
\BOOKMARK [1][-]{section.1.A.1}{Categories}{Appendix.1.A}% 60
\BOOKMARK [2][-]{subsection.1.A.1.1}{Subcategories}{section.1.A.1}% 61
\BOOKMARK [2][-]{subsection.1.A.1.2}{Reflective\040Subcategory}{section.1.A.1}% 62
\BOOKMARK [2][-]{subsection.1.A.1.3}{Comma\040Categories}{section.1.A.1}% 63
\BOOKMARK [1][-]{section.1.A.2}{Morphisms}{Appendix.1.A}% 64
\BOOKMARK [2][-]{subsection.1.A.2.1}{Monomorphisms,\040Epimorphisms\040and\040Zero\040Morphisms}{section.1.A.2}% 65
\BOOKMARK [2][-]{subsection.1.A.2.2}{Factorization}{section.1.A.2}% 66
\BOOKMARK [2][-]{subsection.1.A.2.3}{Endomorphisms}{section.1.A.2}% 67
\BOOKMARK [2][-]{subsection.1.A.2.4}{Initial\040and\040Terminal\040Morphisms}{section.1.A.2}% 68
\BOOKMARK [1][-]{section.1.A.3}{Functors}{Appendix.1.A}% 69
\BOOKMARK [2][-]{subsection.1.A.3.1}{Natural\040Transformations\040and\040Functor\040categories}{section.1.A.3}% 70
\BOOKMARK [2][-]{subsection.1.A.3.2}{Category\040of\040All\040Categories}{section.1.A.3}% 71
\BOOKMARK [2][-]{subsection.1.A.3.3}{Yoneda\040Lemma}{section.1.A.3}% 72
\BOOKMARK [2][-]{subsection.1.A.3.4}{Representable\040Functors}{section.1.A.3}% 73
\BOOKMARK [1][-]{section.1.A.4}{Objects}{Appendix.1.A}% 74
\BOOKMARK [2][-]{subsection.1.A.4.1}{Initial\040and\040Terminal\040Objects}{section.1.A.4}% 75
\BOOKMARK [2][-]{subsection.1.A.4.2}{Subobjects\040and\040Quotient\040Objects}{section.1.A.4}% 76
\BOOKMARK [2][-]{subsection.1.A.4.3}{Free\040Objects\040and\040Generators}{section.1.A.4}% 77
\BOOKMARK [1][-]{section.1.A.5}{Limit\040Theory}{Appendix.1.A}% 78
\BOOKMARK [2][-]{subsection.1.A.5.1}{Cones\040and\040Limits}{section.1.A.5}% 79
\BOOKMARK [2][-]{subsection.1.A.5.2}{Co-cones\040and\040Colimits}{section.1.A.5}% 80
\BOOKMARK [2][-]{subsection.1.A.5.3}{Kernels\040and\040Cokernels}{section.1.A.5}% 81
\BOOKMARK [2][-]{subsection.1.A.5.4}{Products\040and\040Coproducts}{section.1.A.5}% 82
\BOOKMARK [2][-]{subsection.1.A.5.5}{Pullback\040and\040Pushout}{section.1.A.5}% 83
\BOOKMARK [2][-]{subsection.1.A.5.6}{Complete\040Categories}{section.1.A.5}% 84
\BOOKMARK [1][-]{section.1.A.6}{Exactness}{Appendix.1.A}% 85
\BOOKMARK [2][-]{subsection.1.A.6.1}{Exact\040Categories}{section.1.A.6}% 86
\BOOKMARK [2][-]{subsection.1.A.6.2}{Exact\040Functors}{section.1.A.6}% 87
\BOOKMARK [1][-]{section.1.A.7}{Diagram\040Lammas\040in\040Abelian\040Categories}{Appendix.1.A}% 88
\BOOKMARK [2][-]{subsection.1.A.7.1}{Abelian\040Category}{section.1.A.7}% 89
\BOOKMARK [2][-]{subsection.1.A.7.2}{Cartesian\040Diagrams}{section.1.A.7}% 90
\BOOKMARK [2][-]{subsection.1.A.7.3}{Snake\040Lemma}{section.1.A.7}% 91
\BOOKMARK [1][-]{section.1.A.8}{Appendix:\040Some\040Counterexamples}{Appendix.1.A}% 92
\BOOKMARK [0][-]{section*.5}{Bibliography}{part.3}% 93
\BOOKMARK [0][-]{section*.6}{Index}{part.3}% 94
\BOOKMARK [0][-]{section*.7}{Notations}{part.3}% 95
